v1.2/app/build/intermediates/manifest_merge_blame_file/release/manifest-merger-blame-release-report.txt
1<?xml version="1.0" encoding="utf-8"?>
2<manifest xmlns:android="http://schemas.android.com/apk/res/android"
3    xmlns:dist="http://schemas.android.com/apk/distribution"
4    package="com.SK.filedownloader"
5    android:versionCode="10201"
6    android:versionName="1.201" >
7
8    <uses-sdk
9        android:minSdkVersion="24"
10        android:targetSdkVersion="34" />
11
12    <dist:module dist:instant="true" />
12-->src\main\AndroidManifest.xml:8:5-40
12-->src\main\AndroidManifest.xml:8:18-37
13
14    <uses-permission android:name="android.permission.INTERNET" />
14-->src\main\AndroidManifest.xml:10:5-67
14-->src\main\AndroidManifest.xml:10:22-64
15    <uses-permission android:name="android.permission.POST_NOTIFICATIONS" />
15-->src\main\AndroidManifest.xml:11:5-77
15-->src\main\AndroidManifest.xml:11:22-74
16    <uses-permission android:name="android.permission.READ_EXTERNAL_STORAGE" />
16-->src\main\AndroidManifest.xml:12:5-80
16-->src\main\AndroidManifest.xml:12:22-77
17    <uses-permission android:name="android.permission.WRITE_EXTERNAL_STORAGE" />
17-->src\main\AndroidManifest.xml:13:5-81
17-->src\main\AndroidManifest.xml:13:22-78
18    <uses-permission android:name="android.permission.ACCESS_MEDIA_LOCATION" />
18-->src\main\AndroidManifest.xml:14:5-80
18-->src\main\AndroidManifest.xml:14:22-77
19    <uses-permission android:name="android.permission.WAKE_LOCK" />
19-->src\main\AndroidManifest.xml:15:5-68
19-->src\main\AndroidManifest.xml:15:22-65
20    <!-- <uses-permission -->
21    <!-- android:name="android.permission.MANAGE_EXTERNAL_STORAGE" -->
22    <!-- tools:ignore="ScopedStorage" /> -->
23
24    <uses-permission android:name="com.google.android.gms.permission.AD_ID" />
24-->src\main\AndroidManifest.xml:20:5-78
24-->src\main\AndroidManifest.xml:20:22-76
25    <uses-permission android:name="android.permission.ACCESS_NETWORK_STATE" />
25-->[com.google.android.gms:play-services-ads-lite:23.0.0] AndroidManifest.xml:25:5-79
25-->[com.google.android.gms:play-services-ads-lite:23.0.0] AndroidManifest.xml:25:22-76
26    <uses-permission android:name="android.permission.ACCESS_ADSERVICES_AD_ID" />
26-->[com.google.android.gms:play-services-ads-lite:23.0.0] AndroidManifest.xml:27:5-82
26-->[com.google.android.gms:play-services-ads-lite:23.0.0] AndroidManifest.xml:27:22-79
27    <uses-permission android:name="android.permission.ACCESS_ADSERVICES_ATTRIBUTION" />
27-->[com.google.android.gms:play-services-ads-lite:23.0.0] AndroidManifest.xml:28:5-88
27-->[com.google.android.gms:play-services-ads-lite:23.0.0] AndroidManifest.xml:28:22-85
28    <uses-permission android:name="android.permission.ACCESS_ADSERVICES_TOPICS" /> <!-- Android package visibility setting -->
28-->[com.google.android.gms:play-services-ads-lite:23.0.0] AndroidManifest.xml:29:5-83
28-->[com.google.android.gms:play-services-ads-lite:23.0.0] AndroidManifest.xml:29:22-80
29    <queries>
29-->[com.google.android.gms:play-services-ads-lite:23.0.0] AndroidManifest.xml:35:5-51:15
30
31        <!-- For browser content -->
32        <intent>
32-->[com.google.android.gms:play-services-ads-lite:23.0.0] AndroidManifest.xml:38:9-44:18
33            <action android:name="android.intent.action.VIEW" />
33-->[com.google.android.gms:play-services-ads-lite:23.0.0] AndroidManifest.xml:39:13-65
33-->[com.google.android.gms:play-services-ads-lite:23.0.0] AndroidManifest.xml:39:21-62
34
35            <category android:name="android.intent.category.BROWSABLE" />
35-->[com.google.android.gms:play-services-ads-lite:23.0.0] AndroidManifest.xml:41:13-74
35-->[com.google.android.gms:play-services-ads-lite:23.0.0] AndroidManifest.xml:41:23-71
36
37            <data android:scheme="https" />
37-->[com.google.android.gms:play-services-ads-lite:23.0.0] AndroidManifest.xml:43:13-44
37-->[com.google.android.gms:play-services-ads-lite:23.0.0] AndroidManifest.xml:43:19-41
38        </intent>
39        <!-- End of browser content -->
40        <!-- For CustomTabsService -->
41        <intent>
41-->[com.google.android.gms:play-services-ads-lite:23.0.0] AndroidManifest.xml:47:9-49:18
42            <action android:name="android.support.customtabs.action.CustomTabsService" />
42-->[com.google.android.gms:play-services-ads-lite:23.0.0] AndroidManifest.xml:48:13-90
42-->[com.google.android.gms:play-services-ads-lite:23.0.0] AndroidManifest.xml:48:21-87
43        </intent>
44        <!-- End of CustomTabsService -->
45    </queries>
46
47    <uses-permission android:name="android.permission.FOREGROUND_SERVICE" />
47-->[androidx.work:work-runtime:2.7.0] AndroidManifest.xml:28:5-77
47-->[androidx.work:work-runtime:2.7.0] AndroidManifest.xml:28:22-74
48
49    <permission
49-->[androidx.core:core:1.9.0] AndroidManifest.xml:22:5-24:47
50        android:name="com.SK.filedownloader.DYNAMIC_RECEIVER_NOT_EXPORTED_PERMISSION"
50-->[androidx.core:core:1.9.0] AndroidManifest.xml:23:9-81
51        android:protectionLevel="signature" />
51-->[androidx.core:core:1.9.0] AndroidManifest.xml:24:9-44
52
53    <uses-permission android:name="com.SK.filedownloader.DYNAMIC_RECEIVER_NOT_EXPORTED_PERMISSION" />
53-->[androidx.core:core:1.9.0] AndroidManifest.xml:26:5-97
53-->[androidx.core:core:1.9.0] AndroidManifest.xml:26:22-94
54
55    <application
55-->src\main\AndroidManifest.xml:23:5-69:19
56        android:allowBackup="true"
56-->src\main\AndroidManifest.xml:24:9-35
57        android:appComponentFactory="androidx.core.app.CoreComponentFactory"
57-->[androidx.core:core:1.9.0] AndroidManifest.xml:28:18-86
58        android:extractNativeLibs="false"
59        android:icon="@drawable/download"
59-->src\main\AndroidManifest.xml:25:9-42
60        android:label="@string/app_name"
60-->src\main\AndroidManifest.xml:26:9-41
61        android:preserveLegacyExternalStorage="true"
61-->src\main\AndroidManifest.xml:28:9-53
62        android:requestLegacyExternalStorage="true"
62-->src\main\AndroidManifest.xml:30:9-52
63        android:requestRawExternalStorageAccess="true"
63-->src\main\AndroidManifest.xml:27:9-55
64        android:roundIcon="@drawable/download"
64-->src\main\AndroidManifest.xml:31:9-47
65        android:supportsRtl="true"
65-->src\main\AndroidManifest.xml:32:9-35
66        android:theme="@style/Theme.Filedownloader"
66-->src\main\AndroidManifest.xml:33:9-52
67        android:usesCleartextTraffic="true" >
67-->src\main\AndroidManifest.xml:29:9-44
68        <meta-data
68-->src\main\AndroidManifest.xml:38:9-40:69
69            android:name="com.google.android.gms.ads.APPLICATION_ID"
69-->src\main\AndroidManifest.xml:39:13-69
70            android:value="ca-app-pub-9259384589324790~5361372739" />
70-->src\main\AndroidManifest.xml:40:13-67
71
72        <uses-library
72-->src\main\AndroidManifest.xml:43:9-45:40
73            android:name="org.apache.http.legacy"
73-->src\main\AndroidManifest.xml:44:13-50
74            android:required="false" />
74-->src\main\AndroidManifest.xml:45:13-37
75
76        <activity
76-->src\main\AndroidManifest.xml:47:9-49:40
77            android:name="com.SK.filedownloader.notification_layout"
77-->src\main\AndroidManifest.xml:48:13-48
78            android:exported="false" />
78-->src\main\AndroidManifest.xml:49:13-37
79        <activity
79-->src\main\AndroidManifest.xml:50:9-52:40
80            android:name="com.SK.filedownloader.downloads_page2"
80-->src\main\AndroidManifest.xml:51:13-44
81            android:exported="false" />
81-->src\main\AndroidManifest.xml:52:13-37
82        <activity
82-->src\main\AndroidManifest.xml:53:9-62:20
83            android:name="com.SK.filedownloader.splash_screen"
83-->src\main\AndroidManifest.xml:54:13-42
84            android:exported="true"
84-->src\main\AndroidManifest.xml:55:13-36
85            android:theme="@style/Theme.AppCompat.DayNight.NoActionBar" >
85-->src\main\AndroidManifest.xml:56:13-72
86            <intent-filter>
86-->src\main\AndroidManifest.xml:57:13-61:29
87                <action android:name="android.intent.action.MAIN" />
87-->src\main\AndroidManifest.xml:58:17-69
87-->src\main\AndroidManifest.xml:58:25-66
88
89                <category android:name="android.intent.category.LAUNCHER" />
89-->src\main\AndroidManifest.xml:60:17-77
89-->src\main\AndroidManifest.xml:60:27-74
90            </intent-filter>
91        </activity>
92        <activity
92-->src\main\AndroidManifest.xml:63:9-65:39
93            android:name="com.SK.filedownloader.MainActivity"
93-->src\main\AndroidManifest.xml:64:13-41
94            android:exported="true" />
94-->src\main\AndroidManifest.xml:65:13-36
95        <activity
95-->src\main\AndroidManifest.xml:66:9-68:40
96            android:name="com.SK.filedownloader.downloadPage"
96-->src\main\AndroidManifest.xml:67:13-41
97            android:exported="false" />
97-->src\main\AndroidManifest.xml:68:13-37
98        <!-- to display showcaseview, this activity and its' style must be added -->
99        <activity
99-->[com.github.erkutaras:ShowcaseView:1.5.0] AndroidManifest.xml:14:9-16:63
100            android:name="com.erkutaras.showcaseview.ShowcaseActivity"
100-->[com.github.erkutaras:ShowcaseView:1.5.0] AndroidManifest.xml:15:13-71
101            android:theme="@style/ShowcaseTransparentTheme" /> <!-- Include the AdActivity and InAppPurchaseActivity configChanges and themes. -->
101-->[com.github.erkutaras:ShowcaseView:1.5.0] AndroidManifest.xml:16:13-60
102        <activity
102-->[com.google.android.gms:play-services-ads-lite:23.0.0] AndroidManifest.xml:56:9-61:43
103            android:name="com.google.android.gms.ads.AdActivity"
103-->[com.google.android.gms:play-services-ads-lite:23.0.0] AndroidManifest.xml:57:13-65
104            android:configChanges="keyboard|keyboardHidden|orientation|screenLayout|uiMode|screenSize|smallestScreenSize"
104-->[com.google.android.gms:play-services-ads-lite:23.0.0] AndroidManifest.xml:58:13-122
105            android:exported="false"
105-->[com.google.android.gms:play-services-ads-lite:23.0.0] AndroidManifest.xml:59:13-37
106            android:theme="@android:style/Theme.Translucent" />
106-->[com.google.android.gms:play-services-ads-lite:23.0.0] AndroidManifest.xml:60:13-61
107
108        <provider
108-->[com.google.android.gms:play-services-ads-lite:23.0.0] AndroidManifest.xml:63:9-68:43
109            android:name="com.google.android.gms.ads.MobileAdsInitProvider"
109-->[com.google.android.gms:play-services-ads-lite:23.0.0] AndroidManifest.xml:64:13-76
110            android:authorities="com.SK.filedownloader.mobileadsinitprovider"
110-->[com.google.android.gms:play-services-ads-lite:23.0.0] AndroidManifest.xml:65:13-73
111            android:exported="false"
111-->[com.google.android.gms:play-services-ads-lite:23.0.0] AndroidManifest.xml:66:13-37
112            android:initOrder="100" />
112-->[com.google.android.gms:play-services-ads-lite:23.0.0] AndroidManifest.xml:67:13-36
113
114        <service
114-->[com.google.android.gms:play-services-ads-lite:23.0.0] AndroidManifest.xml:70:9-74:43
115            android:name="com.google.android.gms.ads.AdService"
115-->[com.google.android.gms:play-services-ads-lite:23.0.0] AndroidManifest.xml:71:13-64
116            android:enabled="true"
116-->[com.google.android.gms:play-services-ads-lite:23.0.0] AndroidManifest.xml:72:13-35
117            android:exported="false" />
117-->[com.google.android.gms:play-services-ads-lite:23.0.0] AndroidManifest.xml:73:13-37
118
119        <activity
119-->[com.google.android.gms:play-services-ads-lite:23.0.0] AndroidManifest.xml:76:9-80:43
120            android:name="com.google.android.gms.ads.OutOfContextTestingActivity"
120-->[com.google.android.gms:play-services-ads-lite:23.0.0] AndroidManifest.xml:77:13-82
121            android:configChanges="keyboard|keyboardHidden|orientation|screenLayout|uiMode|screenSize|smallestScreenSize"
121-->[com.google.android.gms:play-services-ads-lite:23.0.0] AndroidManifest.xml:78:13-122
122            android:exported="false" />
122-->[com.google.android.gms:play-services-ads-lite:23.0.0] AndroidManifest.xml:79:13-37
123        <activity
123-->[com.google.android.gms:play-services-ads-lite:23.0.0] AndroidManifest.xml:81:9-88:43
124            android:name="com.google.android.gms.ads.NotificationHandlerActivity"
124-->[com.google.android.gms:play-services-ads-lite:23.0.0] AndroidManifest.xml:82:13-82
125            android:excludeFromRecents="true"
125-->[com.google.android.gms:play-services-ads-lite:23.0.0] AndroidManifest.xml:83:13-46
126            android:exported="false"
126-->[com.google.android.gms:play-services-ads-lite:23.0.0] AndroidManifest.xml:84:13-37
127            android:launchMode="singleTask"
127-->[com.google.android.gms:play-services-ads-lite:23.0.0] AndroidManifest.xml:85:13-44
128            android:taskAffinity=""
128-->[com.google.android.gms:play-services-ads-lite:23.0.0] AndroidManifest.xml:86:13-36
129            android:theme="@android:style/Theme.Translucent.NoTitleBar" />
129-->[com.google.android.gms:play-services-ads-lite:23.0.0] AndroidManifest.xml:87:13-72
130
131        <property
131-->[com.google.android.gms:play-services-ads-lite:23.0.0] AndroidManifest.xml:90:9-92:62
132            android:name="android.adservices.AD_SERVICES_CONFIG"
132-->[com.google.android.gms:play-services-ads-lite:23.0.0] AndroidManifest.xml:91:13-65
133            android:resource="@xml/gma_ad_services_config" />
133-->[com.google.android.gms:play-services-ads-lite:23.0.0] AndroidManifest.xml:92:13-59
134
135        <activity
135-->[com.google.android.gms:play-services-base:18.0.0] AndroidManifest.xml:20:9-22:45
136            android:name="com.google.android.gms.common.api.GoogleApiActivity"
136-->[com.google.android.gms:play-services-base:18.0.0] AndroidManifest.xml:20:19-85
137            android:exported="false"
137-->[com.google.android.gms:play-services-base:18.0.0] AndroidManifest.xml:22:19-43
138            android:theme="@android:style/Theme.Translucent.NoTitleBar" />
138-->[com.google.android.gms:play-services-base:18.0.0] AndroidManifest.xml:21:19-78
139
140        <meta-data
140-->[com.google.android.gms:play-services-basement:18.2.0] AndroidManifest.xml:21:9-23:69
141            android:name="com.google.android.gms.version"
141-->[com.google.android.gms:play-services-basement:18.2.0] AndroidManifest.xml:22:13-58
142            android:value="@integer/google_play_services_version" />
142-->[com.google.android.gms:play-services-basement:18.2.0] AndroidManifest.xml:23:13-66
143
144        <provider
144-->[androidx.emoji2:emoji2:1.2.0] AndroidManifest.xml:24:9-32:20
145            android:name="androidx.startup.InitializationProvider"
145-->[androidx.emoji2:emoji2:1.2.0] AndroidManifest.xml:25:13-67
146            android:authorities="com.SK.filedownloader.androidx-startup"
146-->[androidx.emoji2:emoji2:1.2.0] AndroidManifest.xml:26:13-68
147            android:exported="false" >
147-->[androidx.emoji2:emoji2:1.2.0] AndroidManifest.xml:27:13-37
148            <meta-data
148-->[androidx.emoji2:emoji2:1.2.0] AndroidManifest.xml:29:13-31:52
149                android:name="androidx.emoji2.text.EmojiCompatInitializer"
149-->[androidx.emoji2:emoji2:1.2.0] AndroidManifest.xml:30:17-75
150                android:value="androidx.startup" />
150-->[androidx.emoji2:emoji2:1.2.0] AndroidManifest.xml:31:17-49
151            <meta-data
151-->[androidx.work:work-runtime:2.7.0] AndroidManifest.xml:36:13-38:52
152                android:name="androidx.work.WorkManagerInitializer"
152-->[androidx.work:work-runtime:2.7.0] AndroidManifest.xml:37:17-68
153                android:value="androidx.startup" />
153-->[androidx.work:work-runtime:2.7.0] AndroidManifest.xml:38:17-49
154            <meta-data
154-->[androidx.lifecycle:lifecycle-process:2.6.1] AndroidManifest.xml:29:13-31:52
155                android:name="androidx.lifecycle.ProcessLifecycleInitializer"
155-->[androidx.lifecycle:lifecycle-process:2.6.1] AndroidManifest.xml:30:17-78
156                android:value="androidx.startup" />
156-->[androidx.lifecycle:lifecycle-process:2.6.1] AndroidManifest.xml:31:17-49
157            <meta-data
157-->[androidx.profileinstaller:profileinstaller:1.3.0] AndroidManifest.xml:29:13-31:52
158                android:name="androidx.profileinstaller.ProfileInstallerInitializer"
158-->[androidx.profileinstaller:profileinstaller:1.3.0] AndroidManifest.xml:30:17-85
159                android:value="androidx.startup" />
159-->[androidx.profileinstaller:profileinstaller:1.3.0] AndroidManifest.xml:31:17-49
160        </provider>
161
162        <service
162-->[androidx.work:work-runtime:2.7.0] AndroidManifest.xml:41:9-46:35
163            android:name="androidx.work.impl.background.systemalarm.SystemAlarmService"
163-->[androidx.work:work-runtime:2.7.0] AndroidManifest.xml:42:13-88
164            android:directBootAware="false"
164-->[androidx.work:work-runtime:2.7.0] AndroidManifest.xml:43:13-44
165            android:enabled="@bool/enable_system_alarm_service_default"
165-->[androidx.work:work-runtime:2.7.0] AndroidManifest.xml:44:13-72
166            android:exported="false" />
166-->[androidx.work:work-runtime:2.7.0] AndroidManifest.xml:45:13-37
167        <service
167-->[androidx.work:work-runtime:2.7.0] AndroidManifest.xml:47:9-53:35
168            android:name="androidx.work.impl.background.systemjob.SystemJobService"
168-->[androidx.work:work-runtime:2.7.0] AndroidManifest.xml:48:13-84
169            android:directBootAware="false"
169-->[androidx.work:work-runtime:2.7.0] AndroidManifest.xml:49:13-44
170            android:enabled="@bool/enable_system_job_service_default"
170-->[androidx.work:work-runtime:2.7.0] AndroidManifest.xml:50:13-70
171            android:exported="true"
171-->[androidx.work:work-runtime:2.7.0] AndroidManifest.xml:51:13-36
172            android:permission="android.permission.BIND_JOB_SERVICE" />
172-->[androidx.work:work-runtime:2.7.0] AndroidManifest.xml:52:13-69
173        <service
173-->[androidx.work:work-runtime:2.7.0] AndroidManifest.xml:54:9-59:35
174            android:name="androidx.work.impl.foreground.SystemForegroundService"
174-->[androidx.work:work-runtime:2.7.0] AndroidManifest.xml:55:13-81
175            android:directBootAware="false"
175-->[androidx.work:work-runtime:2.7.0] AndroidManifest.xml:56:13-44
176            android:enabled="@bool/enable_system_foreground_service_default"
176-->[androidx.work:work-runtime:2.7.0] AndroidManifest.xml:57:13-77
177            android:exported="false" />
177-->[androidx.work:work-runtime:2.7.0] AndroidManifest.xml:58:13-37
178
179        <receiver
179-->[androidx.work:work-runtime:2.7.0] AndroidManifest.xml:61:9-66:35
180            android:name="androidx.work.impl.utils.ForceStopRunnable$BroadcastReceiver"
180-->[androidx.work:work-runtime:2.7.0] AndroidManifest.xml:62:13-88
181            android:directBootAware="false"
181-->[androidx.work:work-runtime:2.7.0] AndroidManifest.xml:63:13-44
182            android:enabled="true"
182-->[androidx.work:work-runtime:2.7.0] AndroidManifest.xml:64:13-35
183            android:exported="false" />
183-->[androidx.work:work-runtime:2.7.0] AndroidManifest.xml:65:13-37
184        <receiver
184-->[androidx.work:work-runtime:2.7.0] AndroidManifest.xml:67:9-77:20
185            android:name="androidx.work.impl.background.systemalarm.ConstraintProxy$BatteryChargingProxy"
185-->[androidx.work:work-runtime:2.7.0] AndroidManifest.xml:68:13-106
186            android:directBootAware="false"
186-->[androidx.work:work-runtime:2.7.0] AndroidManifest.xml:69:13-44
187            android:enabled="false"
187-->[androidx.work:work-runtime:2.7.0] AndroidManifest.xml:70:13-36
188            android:exported="false" >
188-->[androidx.work:work-runtime:2.7.0] AndroidManifest.xml:71:13-37
189            <intent-filter>
189-->[androidx.work:work-runtime:2.7.0] AndroidManifest.xml:73:13-76:29
190                <action android:name="android.intent.action.ACTION_POWER_CONNECTED" />
190-->[androidx.work:work-runtime:2.7.0] AndroidManifest.xml:74:17-87
190-->[androidx.work:work-runtime:2.7.0] AndroidManifest.xml:74:25-84
191                <action android:name="android.intent.action.ACTION_POWER_DISCONNECTED" />
191-->[androidx.work:work-runtime:2.7.0] AndroidManifest.xml:75:17-90
191-->[androidx.work:work-runtime:2.7.0] AndroidManifest.xml:75:25-87
192            </intent-filter>
193        </receiver>
194        <receiver
194-->[androidx.work:work-runtime:2.7.0] AndroidManifest.xml:78:9-88:20
195            android:name="androidx.work.impl.background.systemalarm.ConstraintProxy$BatteryNotLowProxy"
195-->[androidx.work:work-runtime:2.7.0] AndroidManifest.xml:79:13-104
196            android:directBootAware="false"
196-->[androidx.work:work-runtime:2.7.0] AndroidManifest.xml:80:13-44
197            android:enabled="false"
197-->[androidx.work:work-runtime:2.7.0] AndroidManifest.xml:81:13-36
198            android:exported="false" >
198-->[androidx.work:work-runtime:2.7.0] AndroidManifest.xml:82:13-37
199            <intent-filter>
199-->[androidx.work:work-runtime:2.7.0] AndroidManifest.xml:84:13-87:29
200                <action android:name="android.intent.action.BATTERY_OKAY" />
200-->[androidx.work:work-runtime:2.7.0] AndroidManifest.xml:85:17-77
200-->[androidx.work:work-runtime:2.7.0] AndroidManifest.xml:85:25-74
201                <action android:name="android.intent.action.BATTERY_LOW" />
201-->[androidx.work:work-runtime:2.7.0] AndroidManifest.xml:86:17-76
201-->[androidx.work:work-runtime:2.7.0] AndroidManifest.xml:86:25-73
202            </intent-filter>
203        </receiver>
204        <receiver
204-->[androidx.work:work-runtime:2.7.0] AndroidManifest.xml:89:9-99:20
205            android:name="androidx.work.impl.background.systemalarm.ConstraintProxy$StorageNotLowProxy"
205-->[androidx.work:work-runtime:2.7.0] AndroidManifest.xml:90:13-104
206            android:directBootAware="false"
206-->[androidx.work:work-runtime:2.7.0] AndroidManifest.xml:91:13-44
207            android:enabled="false"
207-->[androidx.work:work-runtime:2.7.0] AndroidManifest.xml:92:13-36
208            android:exported="false" >
208-->[androidx.work:work-runtime:2.7.0] AndroidManifest.xml:93:13-37
209            <intent-filter>
209-->[androidx.work:work-runtime:2.7.0] AndroidManifest.xml:95:13-98:29
210                <action android:name="android.intent.action.DEVICE_STORAGE_LOW" />
210-->[androidx.work:work-runtime:2.7.0] AndroidManifest.xml:96:17-83
210-->[androidx.work:work-runtime:2.7.0] AndroidManifest.xml:96:25-80
211                <action android:name="android.intent.action.DEVICE_STORAGE_OK" />
211-->[androidx.work:work-runtime:2.7.0] AndroidManifest.xml:97:17-82
211-->[androidx.work:work-runtime:2.7.0] AndroidManifest.xml:97:25-79
212            </intent-filter>
213        </receiver>
214        <receiver
214-->[androidx.work:work-runtime:2.7.0] AndroidManifest.xml:100:9-109:20
215            android:name="androidx.work.impl.background.systemalarm.ConstraintProxy$NetworkStateProxy"
215-->[androidx.work:work-runtime:2.7.0] AndroidManifest.xml:101:13-103
216            android:directBootAware="false"
216-->[androidx.work:work-runtime:2.7.0] AndroidManifest.xml:102:13-44
217            android:enabled="false"
217-->[androidx.work:work-runtime:2.7.0] AndroidManifest.xml:103:13-36
218            android:exported="false" >
218-->[androidx.work:work-runtime:2.7.0] AndroidManifest.xml:104:13-37
219            <intent-filter>
219-->[androidx.work:work-runtime:2.7.0] AndroidManifest.xml:106:13-108:29
220                <action android:name="android.net.conn.CONNECTIVITY_CHANGE" />
220-->[androidx.work:work-runtime:2.7.0] AndroidManifest.xml:107:17-79
220-->[androidx.work:work-runtime:2.7.0] AndroidManifest.xml:107:25-76
221            </intent-filter>
222        </receiver>
223        <receiver
223-->[androidx.work:work-runtime:2.7.0] AndroidManifest.xml:110:9-121:20
224            android:name="androidx.work.impl.background.systemalarm.RescheduleReceiver"
224-->[androidx.work:work-runtime:2.7.0] AndroidManifest.xml:111:13-88
225            android:directBootAware="false"
225-->[androidx.work:work-runtime:2.7.0] AndroidManifest.xml:112:13-44
226            android:enabled="false"
226-->[androidx.work:work-runtime:2.7.0] AndroidManifest.xml:113:13-36
227            android:exported="false" >
227-->[androidx.work:work-runtime:2.7.0] AndroidManifest.xml:114:13-37
228            <intent-filter>
228-->[androidx.work:work-runtime:2.7.0] AndroidManifest.xml:116:13-120:29
229                <action android:name="android.intent.action.BOOT_COMPLETED" />
229-->[androidx.work:work-runtime:2.7.0] AndroidManifest.xml:117:17-79
229-->[androidx.work:work-runtime:2.7.0] AndroidManifest.xml:117:25-76
230                <action android:name="android.intent.action.TIME_SET" />
230-->[androidx.work:work-runtime:2.7.0] AndroidManifest.xml:118:17-73
230-->[androidx.work:work-runtime:2.7.0] AndroidManifest.xml:118:25-70
231                <action android:name="android.intent.action.TIMEZONE_CHANGED" />
231-->[androidx.work:work-runtime:2.7.0] AndroidManifest.xml:119:17-81
231-->[androidx.work:work-runtime:2.7.0] AndroidManifest.xml:119:25-78
232            </intent-filter>
233        </receiver>
234        <receiver
234-->[androidx.work:work-runtime:2.7.0] AndroidManifest.xml:122:9-131:20
235            android:name="androidx.work.impl.background.systemalarm.ConstraintProxyUpdateReceiver"
235-->[androidx.work:work-runtime:2.7.0] AndroidManifest.xml:123:13-99
236            android:directBootAware="false"
236-->[androidx.work:work-runtime:2.7.0] AndroidManifest.xml:124:13-44
237            android:enabled="@bool/enable_system_alarm_service_default"
237-->[androidx.work:work-runtime:2.7.0] AndroidManifest.xml:125:13-72
238            android:exported="false" >
238-->[androidx.work:work-runtime:2.7.0] AndroidManifest.xml:126:13-37
239            <intent-filter>
239-->[androidx.work:work-runtime:2.7.0] AndroidManifest.xml:128:13-130:29
240                <action android:name="androidx.work.impl.background.systemalarm.UpdateProxies" />
240-->[androidx.work:work-runtime:2.7.0] AndroidManifest.xml:129:17-98
240-->[androidx.work:work-runtime:2.7.0] AndroidManifest.xml:129:25-95
241            </intent-filter>
242        </receiver>
243        <receiver
243-->[androidx.work:work-runtime:2.7.0] AndroidManifest.xml:132:9-142:20
244            android:name="androidx.work.impl.diagnostics.DiagnosticsReceiver"
244-->[androidx.work:work-runtime:2.7.0] AndroidManifest.xml:133:13-78
245            android:directBootAware="false"
245-->[androidx.work:work-runtime:2.7.0] AndroidManifest.xml:134:13-44
246            android:enabled="true"
246-->[androidx.work:work-runtime:2.7.0] AndroidManifest.xml:135:13-35
247            android:exported="true"
247-->[androidx.work:work-runtime:2.7.0] AndroidManifest.xml:136:13-36
248            android:permission="android.permission.DUMP" >
248-->[androidx.work:work-runtime:2.7.0] AndroidManifest.xml:137:13-57
249            <intent-filter>
249-->[androidx.work:work-runtime:2.7.0] AndroidManifest.xml:139:13-141:29
250                <action android:name="androidx.work.diagnostics.REQUEST_DIAGNOSTICS" />
250-->[androidx.work:work-runtime:2.7.0] AndroidManifest.xml:140:17-88
250-->[androidx.work:work-runtime:2.7.0] AndroidManifest.xml:140:25-85
251            </intent-filter>
252        </receiver>
253
254        <uses-library
254-->[androidx.privacysandbox.ads:ads-adservices:1.0.0-beta05] AndroidManifest.xml:23:9-25:40
255            android:name="android.ext.adservices"
255-->[androidx.privacysandbox.ads:ads-adservices:1.0.0-beta05] AndroidManifest.xml:24:13-50
256            android:required="false" />
256-->[androidx.privacysandbox.ads:ads-adservices:1.0.0-beta05] AndroidManifest.xml:25:13-37
257
258        <receiver
258-->[androidx.profileinstaller:profileinstaller:1.3.0] AndroidManifest.xml:34:9-52:20
259            android:name="androidx.profileinstaller.ProfileInstallReceiver"
259-->[androidx.profileinstaller:profileinstaller:1.3.0] AndroidManifest.xml:35:13-76
260            android:directBootAware="false"
260-->[androidx.profileinstaller:profileinstaller:1.3.0] AndroidManifest.xml:36:13-44
261            android:enabled="true"
261-->[androidx.profileinstaller:profileinstaller:1.3.0] AndroidManifest.xml:37:13-35
262            android:exported="true"
262-->[androidx.profileinstaller:profileinstaller:1.3.0] AndroidManifest.xml:38:13-36
263            android:permission="android.permission.DUMP" >
263-->[androidx.profileinstaller:profileinstaller:1.3.0] AndroidManifest.xml:39:13-57
264            <intent-filter>
264-->[androidx.profileinstaller:profileinstaller:1.3.0] AndroidManifest.xml:40:13-42:29
265                <action android:name="androidx.profileinstaller.action.INSTALL_PROFILE" />
265-->[androidx.profileinstaller:profileinstaller:1.3.0] AndroidManifest.xml:41:17-91
265-->[androidx.profileinstaller:profileinstaller:1.3.0] AndroidManifest.xml:41:25-88
266            </intent-filter>
267            <intent-filter>
267-->[androidx.profileinstaller:profileinstaller:1.3.0] AndroidManifest.xml:43:13-45:29
268                <action android:name="androidx.profileinstaller.action.SKIP_FILE" />
268-->[androidx.profileinstaller:profileinstaller:1.3.0] AndroidManifest.xml:44:17-85
268-->[androidx.profileinstaller:profileinstaller:1.3.0] AndroidManifest.xml:44:25-82
269            </intent-filter>
270            <intent-filter>
270-->[androidx.profileinstaller:profileinstaller:1.3.0] AndroidManifest.xml:46:13-48:29
271                <action android:name="androidx.profileinstaller.action.SAVE_PROFILE" />
271-->[androidx.profileinstaller:profileinstaller:1.3.0] AndroidManifest.xml:47:17-88
271-->[androidx.profileinstaller:profileinstaller:1.3.0] AndroidManifest.xml:47:25-85
272            </intent-filter>
273            <intent-filter>
273-->[androidx.profileinstaller:profileinstaller:1.3.0] AndroidManifest.xml:49:13-51:29